<?xml version="1.0" encoding="UTF-8" ?>
<testsuite errors="0" failures="0" hostname="DESKTOP-J4K0AHG" name="UNOHomePage" skipped="0" tests="1" time="62.505" timestamp="2020-04-28T08:14:32">
  <properties>
[...]
</properties>
  <testcase classname="UNOHomePage" name="testUNOHomePage" time="62.266" />
  <system-out><![CDATA[]]></system-out>
  <system-err><![CDATA[Starting ChromeDriver 81.0.4044.69 (6813546031a4bc83f717a2ef7cd4ac6ec1199132-refs/branch-heads/4044@{#776}) on port 3884
Only local connections are allowed.
Please protect ports used by ChromeDriver and related test frameworks to prevent access by malicious code.
Apr 28, 2020 3:14:38 AM org.openqa.selenium.remote.ProtocolHandshake createSession
INFO: Detected dialect: W3C
[1588061678.907][SEVERE]: Timed out receiving message from renderer: 0.100
[1588061679.019][SEVERE]: Timed out receiving message from renderer: 0.100
[1588061679.128][SEVERE]: Timed out receiving message from renderer: 0.100
[1588061679.244][SEVERE]: Timed out receiving message from renderer: 0.100
[1588061679.354][SEVERE]: Timed out receiving message from renderer: 0.100
[1588061679.457][SEVERE]: Timed out receiving message from renderer: 0.100
[1588061679.561][SEVERE]: Timed out receiving message from renderer: 0.100
[1588061679.672][SEVERE]: Timed out receiving message from renderer: 0.100
[1588061679.775][SEVERE]: Timed out receiving message from renderer: 0.100
[1588061679.880][SEVERE]: Timed out receiving message from renderer: 0.100
[1588061679.985][SEVERE]: Timed out receiving message from renderer: 0.100
[1588061680.089][SEVERE]: Timed out receiving message from renderer: 0.100
[1588061680.194][SEVERE]: Timed out receiving message from renderer: 0.100
[1588061680.318][SEVERE]: Timed out receiving message from renderer: 0.100
[1588061680.462][SEVERE]: Timed out receiving message from renderer: 0.100
[1588061680.572][SEVERE]: Timed out receiving message from renderer: 0.100
[1588061680.678][SEVERE]: Timed out receiving message from renderer: 0.100
[1588061680.786][SEVERE]: Timed out receiving message from renderer: 0.100
[1588061680.889][SEVERE]: Timed out receiving message from renderer: 0.100
[1588061680.993][SEVERE]: Timed out receiving message from renderer: 0.100
[1588061681.105][SEVERE]: Timed out receiving message from renderer: 0.100
[1588061681.221][SEVERE]: Timed out receiving message from renderer: 0.100
[1588061681.323][SEVERE]: Timed out receiving message from renderer: 0.100
[1588061681.425][SEVERE]: Timed out receiving message from renderer: 0.100
[1588061681.533][SEVERE]: Timed out receiving message from renderer: 0.100
[1588061681.710][SEVERE]: Timed out receiving message from renderer: 0.100
[1588061681.833][SEVERE]: Timed out receiving message from renderer: 0.100
[1588061681.935][SEVERE]: Timed out receiving message from renderer: 0.100
[1588061682.040][SEVERE]: Timed out receiving message from renderer: 0.100
[1588061682.144][SEVERE]: Timed out receiving message from renderer: 0.100
[1588061682.248][SEVERE]: Timed out receiving message from renderer: 0.100
[1588061682.351][SEVERE]: Timed out receiving message from renderer: 0.100
[1588061682.473][SEVERE]: Timed out receiving message from renderer: 0.100
[1588061682.590][SEVERE]: Timed out receiving message from renderer: 0.100
[1588061682.692][SEVERE]: Timed out receiving message from renderer: 0.100
[1588061682.797][SEVERE]: Timed out receiving message from renderer: 0.100
[1588061682.902][SEVERE]: Timed out receiving message from renderer: 0.100
[1588061683.007][SEVERE]: Timed out receiving message from renderer: 0.100
[1588061683.111][SEVERE]: Timed out receiving message from renderer: 0.100
[1588061683.217][SEVERE]: Timed out receiving message from renderer: 0.100
[1588061683.319][SEVERE]: Timed out receiving message from renderer: 0.100
[1588061683.421][SEVERE]: Timed out receiving message from renderer: 0.100
[1588061683.525][SEVERE]: Timed out receiving message from renderer: 0.100
[1588061683.627][SEVERE]: Timed out receiving message from renderer: 0.100
[1588061683.734][SEVERE]: Timed out receiving message from renderer: 0.100
[1588061683.838][SEVERE]: Timed out receiving message from renderer: 0.100
[1588061683.942][SEVERE]: Timed out receiving message from renderer: 0.100
[1588061684.048][SEVERE]: Timed out receiving message from renderer: 0.100
[1588061684.157][SEVERE]: Timed out receiving message from renderer: 0.100
[1588061684.268][SEVERE]: Timed out receiving message from renderer: 0.100
[1588061684.370][SEVERE]: Timed out receiving message from renderer: 0.100
[1588061684.472][SEVERE]: Timed out receiving message from renderer: 0.100
[1588061684.574][SEVERE]: Timed out receiving message from renderer: 0.100
[1588061684.678][SEVERE]: Timed out receiving message from renderer: 0.100
[1588061684.781][SEVERE]: Timed out receiving message from renderer: 0.100
[1588061684.883][SEVERE]: Timed out receiving message from renderer: 0.100
[1588061684.989][SEVERE]: Timed out receiving message from renderer: 0.100
[1588061685.090][SEVERE]: Timed out receiving message from renderer: 0.100
[1588061685.192][SEVERE]: Timed out receiving message from renderer: 0.100
[1588061685.294][SEVERE]: Timed out receiving message from renderer: 0.100
[1588061685.401][SEVERE]: Timed out receiving message from renderer: 0.100
[1588061685.503][SEVERE]: Timed out receiving message from renderer: 0.100
[1588061685.606][SEVERE]: Timed out receiving message from renderer: 0.100
[1588061685.708][SEVERE]: Timed out receiving message from renderer: 0.100
[1588061685.810][SEVERE]: Timed out receiving message from renderer: 0.100
[1588061685.946][SEVERE]: Timed out receiving message from renderer: 0.100
[1588061686.053][SEVERE]: Timed out receiving message from renderer: 0.100
[1588061686.155][SEVERE]: Timed out receiving message from renderer: 0.100
[1588061686.257][SEVERE]: Timed out receiving message from renderer: 0.100
[1588061686.358][SEVERE]: Timed out receiving message from renderer: 0.100
[1588061686.462][SEVERE]: Timed out receiving message from renderer: 0.100
[1588061686.564][SEVERE]: Timed out receiving message from renderer: 0.100
[1588061686.667][SEVERE]: Timed out receiving message from renderer: 0.100
[1588061686.769][SEVERE]: Timed out receiving message from renderer: 0.100
[1588061686.870][SEVERE]: Timed out receiving message from renderer: 0.100
[1588061686.973][SEVERE]: Timed out receiving message from renderer: 0.100
[1588061687.084][SEVERE]: Timed out receiving message from renderer: 0.100
[1588061687.188][SEVERE]: Timed out receiving message from renderer: 0.100
[1588061687.291][SEVERE]: Timed out receiving message from renderer: 0.100
[1588061687.397][SEVERE]: Timed out receiving message from renderer: 0.100
[1588061687.498][SEVERE]: Timed out receiving message from renderer: 0.100
[1588061687.600][SEVERE]: Timed out receiving message from renderer: 0.100
[1588061687.703][SEVERE]: Timed out receiving message from renderer: 0.100
[1588061687.804][SEVERE]: Timed out receiving message from renderer: 0.100
[1588061687.906][SEVERE]: Timed out receiving message from renderer: 0.100
[1588061688.007][SEVERE]: Timed out receiving message from renderer: 0.100
[1588061688.133][SEVERE]: Timed out receiving message from renderer: 0.100
[1588061688.254][SEVERE]: Timed out receiving message from renderer: 0.100
[1588061688.356][SEVERE]: Timed out receiving message from renderer: 0.100
[1588061688.458][SEVERE]: Timed out receiving message from renderer: 0.100
[1588061692.420][SEVERE]: Timed out receiving message from renderer: 0.100
[1588061692.521][SEVERE]: Timed out receiving message from renderer: 0.100
[1588061692.641][SEVERE]: Timed out receiving message from renderer: 0.100
[1588061692.751][SEVERE]: Timed out receiving message from renderer: 0.100
[1588061692.853][SEVERE]: Timed out receiving message from renderer: 0.100
[1588061692.955][SEVERE]: Timed out receiving message from renderer: 0.100
[1588061693.060][SEVERE]: Timed out receiving message from renderer: 0.100
[1588061693.161][SEVERE]: Timed out receiving message from renderer: 0.100
[1588061693.274][SEVERE]: Timed out receiving message from renderer: 0.100
[1588061693.376][SEVERE]: Timed out receiving message from renderer: 0.100
[1588061693.479][SEVERE]: Timed out receiving message from renderer: 0.100
[1588061693.582][SEVERE]: Timed out receiving message from renderer: 0.100
[1588061693.794][SEVERE]: Timed out receiving message from renderer: 0.100
[1588061694.426][SEVERE]: Timed out receiving message from renderer: 0.100
[1588061694.583][SEVERE]: Timed out receiving message from renderer: 0.100
[1588061694.701][SEVERE]: Timed out receiving message from renderer: 0.100
[1588061694.804][SEVERE]: Timed out receiving message from renderer: 0.100
[1588061694.907][SEVERE]: Timed out receiving message from renderer: 0.100
[1588061695.012][SEVERE]: Timed out receiving message from renderer: 0.100
[1588061695.114][SEVERE]: Timed out receiving message from renderer: 0.100
[1588061695.314][SEVERE]: Timed out receiving message from renderer: 0.100
[1588061695.417][SEVERE]: Timed out receiving message from renderer: 0.100
[1588061695.521][SEVERE]: Timed out receiving message from renderer: 0.100
[1588061695.630][SEVERE]: Timed out receiving message from renderer: 0.100
[1588061695.736][SEVERE]: Timed out receiving message from renderer: 0.100
[1588061695.846][SEVERE]: Timed out receiving message from renderer: 0.100
[1588061695.968][SEVERE]: Timed out receiving message from renderer: 0.100
[1588061696.078][SEVERE]: Timed out receiving message from renderer: 0.100
[1588061696.180][SEVERE]: Timed out receiving message from renderer: 0.100
[1588061696.283][SEVERE]: Timed out receiving message from renderer: 0.100
[1588061696.406][SEVERE]: Timed out receiving message from renderer: 0.100
[1588061696.554][SEVERE]: Timed out receiving message from renderer: 0.100
[1588061696.712][SEVERE]: Timed out receiving message from renderer: 0.100
[1588061696.826][SEVERE]: Timed out receiving message from renderer: 0.100
[1588061696.930][SEVERE]: Timed out receiving message from renderer: 0.100
[1588061697.039][SEVERE]: Timed out receiving message from renderer: 0.100
[1588061697.142][SEVERE]: Timed out receiving message from renderer: 0.100
[1588061697.245][SEVERE]: Timed out receiving message from renderer: 0.100
[1588061697.347][SEVERE]: Timed out receiving message from renderer: 0.100
[1588061697.450][SEVERE]: Timed out receiving message from renderer: 0.100
[1588061697.689][SEVERE]: Timed out receiving message from renderer: 0.100
[1588061697.812][SEVERE]: Timed out receiving message from renderer: 0.100
[1588061697.917][SEVERE]: Timed out receiving message from renderer: 0.100
[1588061698.031][SEVERE]: Timed out receiving message from renderer: 0.100
[1588061698.134][SEVERE]: Timed out receiving message from renderer: 0.100
[1588061698.287][SEVERE]: Timed out receiving message from renderer: 0.100
[1588061698.399][SEVERE]: Timed out receiving message from renderer: 0.100
[1588061698.501][SEVERE]: Timed out receiving message from renderer: 0.100
[1588061698.667][SEVERE]: Timed out receiving message from renderer: 0.100
[1588061699.094][SEVERE]: Timed out receiving message from renderer: 0.100
[1588061699.601][SEVERE]: Timed out receiving message from renderer: 0.100
[1588061700.065][SEVERE]: Timed out receiving message from renderer: 0.100
[1588061700.283][SEVERE]: Timed out receiving message from renderer: 0.100
[1588061700.545][SEVERE]: Timed out receiving message from renderer: 0.100
[1588061700.696][SEVERE]: Timed out receiving message from renderer: 0.100
[1588061700.805][SEVERE]: Timed out receiving message from renderer: 0.100
[1588061700.908][SEVERE]: Timed out receiving message from renderer: 0.100
[1588061701.009][SEVERE]: Timed out receiving message from renderer: 0.100
[1588061701.112][SEVERE]: Timed out receiving message from renderer: 0.100
[1588061701.216][SEVERE]: Timed out receiving message from renderer: 0.100
[1588061701.320][SEVERE]: Timed out receiving message from renderer: 0.100
[1588061701.428][SEVERE]: Timed out receiving message from renderer: 0.100
[1588061701.531][SEVERE]: Timed out receiving message from renderer: 0.100
[1588061701.635][SEVERE]: Timed out receiving message from renderer: 0.100
[1588061701.749][SEVERE]: Timed out receiving message from renderer: 0.100
[1588061701.852][SEVERE]: Timed out receiving message from renderer: 0.100
[1588061701.953][SEVERE]: Timed out receiving message from renderer: 0.100
[1588061702.061][SEVERE]: Timed out receiving message from renderer: 0.100
[1588061702.165][SEVERE]: Timed out receiving message from renderer: 0.100
[1588061702.281][SEVERE]: Timed out receiving message from renderer: 0.100
[1588061702.397][SEVERE]: Timed out receiving message from renderer: 0.100
[1588061702.501][SEVERE]: Timed out receiving message from renderer: 0.100
[1588061702.603][SEVERE]: Timed out receiving message from renderer: 0.100
[1588061702.720][SEVERE]: Timed out receiving message from renderer: 0.100
[1588061702.856][SEVERE]: Timed out receiving message from renderer: 0.100
[1588061702.958][SEVERE]: Timed out receiving message from renderer: 0.100
[1588061703.083][SEVERE]: Timed out receiving message from renderer: 0.100
[1588061703.216][SEVERE]: Timed out receiving message from renderer: 0.100
[1588061703.327][SEVERE]: Timed out receiving message from renderer: 0.100
[1588061703.433][SEVERE]: Timed out receiving message from renderer: 0.100
[1588061703.544][SEVERE]: Timed out receiving message from renderer: 0.100
[1588061703.649][SEVERE]: Timed out receiving message from renderer: 0.100
[1588061703.753][SEVERE]: Timed out receiving message from renderer: 0.100
[1588061703.866][SEVERE]: Timed out receiving message from renderer: 0.100
[1588061703.969][SEVERE]: Timed out receiving message from renderer: 0.100
[1588061704.074][SEVERE]: Timed out receiving message from renderer: 0.100
[1588061704.183][SEVERE]: Timed out receiving message from renderer: 0.100
[1588061704.300][SEVERE]: Timed out receiving message from renderer: 0.100
[1588061704.410][SEVERE]: Timed out receiving message from renderer: 0.100
[1588061704.511][SEVERE]: Timed out receiving message from renderer: 0.100
[1588061704.615][SEVERE]: Timed out receiving message from renderer: 0.100
[1588061704.718][SEVERE]: Timed out receiving message from renderer: 0.100
[1588061704.820][SEVERE]: Timed out receiving message from renderer: 0.100
[1588061704.933][SEVERE]: Timed out receiving message from renderer: 0.100
[1588061705.041][SEVERE]: Timed out receiving message from renderer: 0.100
[1588061705.147][SEVERE]: Timed out receiving message from renderer: 0.100
[1588061705.249][SEVERE]: Timed out receiving message from renderer: 0.100
[1588061705.414][SEVERE]: Timed out receiving message from renderer: 0.100
[1588061705.520][SEVERE]: Timed out receiving message from renderer: 0.100
[1588061705.647][SEVERE]: Timed out receiving message from renderer: 0.100
[1588061705.759][SEVERE]: Timed out receiving message from renderer: 0.100
[1588061705.862][SEVERE]: Timed out receiving message from renderer: 0.100
[1588061705.968][SEVERE]: Timed out receiving message from renderer: 0.100
[1588061706.070][SEVERE]: Timed out receiving message from renderer: 0.100
[1588061706.179][SEVERE]: Timed out receiving message from renderer: 0.100
[1588061706.285][SEVERE]: Timed out receiving message from renderer: 0.100
[1588061706.391][SEVERE]: Timed out receiving message from renderer: 0.100
[1588061706.499][SEVERE]: Timed out receiving message from renderer: 0.100
[1588061706.603][SEVERE]: Timed out receiving message from renderer: 0.100
[1588061706.713][SEVERE]: Timed out receiving message from renderer: 0.100
[1588061706.815][SEVERE]: Timed out receiving message from renderer: 0.100
[1588061706.952][SEVERE]: Timed out receiving message from renderer: 0.100
[1588061707.075][SEVERE]: Timed out receiving message from renderer: 0.100
[1588061707.178][SEVERE]: Timed out receiving message from renderer: 0.100
[1588061707.295][SEVERE]: Timed out receiving message from renderer: 0.100
[1588061707.403][SEVERE]: Timed out receiving message from renderer: 0.100
[1588061707.509][SEVERE]: Timed out receiving message from renderer: 0.100
[1588061707.615][SEVERE]: Timed out receiving message from renderer: 0.100
[1588061707.718][SEVERE]: Timed out receiving message from renderer: 0.100
[1588061707.834][SEVERE]: Timed out receiving message from renderer: 0.100
[1588061707.936][SEVERE]: Timed out receiving message from renderer: 0.100
[1588061708.052][SEVERE]: Timed out receiving message from renderer: 0.100
[1588061708.158][SEVERE]: Timed out receiving message from renderer: 0.100
[1588061708.260][SEVERE]: Timed out receiving message from renderer: 0.100
[1588061708.367][SEVERE]: Timed out receiving message from renderer: 0.100
[1588061708.490][SEVERE]: Timed out receiving message from renderer: 0.100
[1588061708.596][SEVERE]: Timed out receiving message from renderer: 0.100
[1588061708.701][SEVERE]: Timed out receiving message from renderer: 0.100
[1588061708.806][SEVERE]: Timed out receiving message from renderer: 0.100
[1588061708.911][SEVERE]: Timed out receiving message from renderer: 0.100
[1588061709.013][SEVERE]: Timed out receiving message from renderer: 0.100
[1588061709.133][SEVERE]: Timed out receiving message from renderer: 0.100
[1588061709.243][SEVERE]: Timed out receiving message from renderer: 0.100
[1588061709.359][SEVERE]: Timed out receiving message from renderer: 0.100
[1588061709.461][SEVERE]: Timed out receiving message from renderer: 0.100
[1588061709.563][SEVERE]: Timed out receiving message from renderer: 0.100
[1588061709.669][SEVERE]: Timed out receiving message from renderer: 0.100
[1588061709.783][SEVERE]: Timed out receiving message from renderer: 0.100
[1588061709.896][SEVERE]: Timed out receiving message from renderer: 0.100
[1588061710.015][SEVERE]: Timed out receiving message from renderer: 0.100
[1588061710.125][SEVERE]: Timed out receiving message from renderer: 0.100
[1588061710.231][SEVERE]: Timed out receiving message from renderer: 0.100
[1588061710.341][SEVERE]: Timed out receiving message from renderer: 0.100
[1588061710.444][SEVERE]: Timed out receiving message from renderer: 0.100
[1588061710.545][SEVERE]: Timed out receiving message from renderer: 0.100
[1588061710.649][SEVERE]: Timed out receiving message from renderer: 0.100
[1588061710.758][SEVERE]: Timed out receiving message from renderer: 0.100
[1588061710.863][SEVERE]: Timed out receiving message from renderer: 0.100
[1588061710.978][SEVERE]: Timed out receiving message from renderer: 0.100
[1588061711.089][SEVERE]: Timed out receiving message from renderer: 0.100
[1588061711.192][SEVERE]: Timed out receiving message from renderer: 0.100
[1588061711.296][SEVERE]: Timed out receiving message from renderer: 0.100
[1588061711.401][SEVERE]: Timed out receiving message from renderer: 0.100
[1588061711.526][SEVERE]: Timed out receiving message from renderer: 0.100
[1588061711.640][SEVERE]: Timed out receiving message from renderer: 0.100
[1588061711.743][SEVERE]: Timed out receiving message from renderer: 0.100
[1588061711.847][SEVERE]: Timed out receiving message from renderer: 0.100
[1588061711.950][SEVERE]: Timed out receiving message from renderer: 0.100
[1588061712.055][SEVERE]: Timed out receiving message from renderer: 0.100
[1588061712.160][SEVERE]: Timed out receiving message from renderer: 0.100
[1588061712.266][SEVERE]: Timed out receiving message from renderer: 0.100
[1588061712.374][SEVERE]: Timed out receiving message from renderer: 0.100
[1588061712.477][SEVERE]: Timed out receiving message from renderer: 0.100
[1588061712.581][SEVERE]: Timed out receiving message from renderer: 0.100
[1588061712.691][SEVERE]: Timed out receiving message from renderer: 0.100
[1588061712.812][SEVERE]: Timed out receiving message from renderer: 0.100
[1588061712.976][SEVERE]: Timed out receiving message from renderer: 0.100
[1588061713.080][SEVERE]: Timed out receiving message from renderer: 0.100
[1588061713.191][SEVERE]: Timed out receiving message from renderer: 0.100
[1588061713.293][SEVERE]: Timed out receiving message from renderer: 0.100
[1588061713.401][SEVERE]: Timed out receiving message from renderer: 0.100
[1588061713.513][SEVERE]: Timed out receiving message from renderer: 0.100
[1588061713.619][SEVERE]: Timed out receiving message from renderer: 0.100
[1588061713.728][SEVERE]: Timed out receiving message from renderer: 0.100
[1588061713.831][SEVERE]: Timed out receiving message from renderer: 0.100
[1588061713.933][SEVERE]: Timed out receiving message from renderer: 0.100
[1588061714.039][SEVERE]: Timed out receiving message from renderer: 0.100
[1588061714.151][SEVERE]: Timed out receiving message from renderer: 0.100
[1588061714.259][SEVERE]: Timed out receiving message from renderer: 0.100
[1588061714.361][SEVERE]: Timed out receiving message from renderer: 0.100
[1588061714.486][SEVERE]: Timed out receiving message from renderer: 0.100
[1588061714.589][SEVERE]: Timed out receiving message from renderer: 0.100
[1588061714.710][SEVERE]: Timed out receiving message from renderer: 0.100
[1588061714.829][SEVERE]: Timed out receiving message from renderer: 0.100
[1588061714.939][SEVERE]: Timed out receiving message from renderer: 0.100
[1588061715.042][SEVERE]: Timed out receiving message from renderer: 0.100
[1588061715.150][SEVERE]: Timed out receiving message from renderer: 0.100
[1588061715.280][SEVERE]: Timed out receiving message from renderer: 0.100
[1588061715.381][SEVERE]: Timed out receiving message from renderer: 0.100
[1588061715.483][SEVERE]: Timed out receiving message from renderer: 0.100
[1588061715.610][SEVERE]: Timed out receiving message from renderer: 0.100
[1588061715.741][SEVERE]: Timed out receiving message from renderer: 0.100
[1588061715.849][SEVERE]: Timed out receiving message from renderer: 0.100
[1588061715.952][SEVERE]: Timed out receiving message from renderer: 0.100
[1588061716.114][SEVERE]: Timed out receiving message from renderer: 0.100
[1588061716.237][SEVERE]: Timed out receiving message from renderer: 0.100
[1588061716.339][SEVERE]: Timed out receiving message from renderer: 0.100
[1588061716.443][SEVERE]: Timed out receiving message from renderer: 0.100
[1588061716.563][SEVERE]: Timed out receiving message from renderer: 0.100
[1588061716.693][SEVERE]: Timed out receiving message from renderer: 0.100
[1588061716.797][SEVERE]: Timed out receiving message from renderer: 0.100
[1588061716.932][SEVERE]: Timed out receiving message from renderer: 0.100
[1588061717.040][SEVERE]: Timed out receiving message from renderer: 0.100
[1588061717.150][SEVERE]: Timed out receiving message from renderer: 0.100
[1588061717.254][SEVERE]: Timed out receiving message from renderer: 0.100
[1588061717.358][SEVERE]: Timed out receiving message from renderer: 0.100
[1588061717.460][SEVERE]: Timed out receiving message from renderer: 0.100
[1588061717.563][SEVERE]: Timed out receiving message from renderer: 0.100
[1588061717.674][SEVERE]: Timed out receiving message from renderer: 0.100
[1588061717.777][SEVERE]: Timed out receiving message from renderer: 0.100
[1588061717.882][SEVERE]: Timed out receiving message from renderer: 0.100
[1588061718.055][SEVERE]: Timed out receiving message from renderer: 0.100
[1588061718.158][SEVERE]: Timed out receiving message from renderer: 0.100
[1588061718.292][SEVERE]: Timed out receiving message from renderer: 0.100
[1588061718.463][SEVERE]: Timed out receiving message from renderer: 0.100
[1588061718.590][SEVERE]: Timed out receiving message from renderer: 0.100
[1588061718.695][SEVERE]: Timed out receiving message from renderer: 0.100
[1588061718.840][SEVERE]: Timed out receiving message from renderer: 0.100
[1588061718.946][SEVERE]: Timed out receiving message from renderer: 0.100
[1588061719.055][SEVERE]: Timed out receiving message from renderer: 0.100
[1588061719.157][SEVERE]: Timed out receiving message from renderer: 0.100
[1588061719.264][SEVERE]: Timed out receiving message from renderer: 0.100
[1588061719.387][SEVERE]: Timed out receiving message from renderer: 0.100
[1588061719.494][SEVERE]: Timed out receiving message from renderer: 0.100
[1588061719.615][SEVERE]: Timed out receiving message from renderer: 0.100
[1588061719.745][SEVERE]: Timed out receiving message from renderer: 0.100
[1588061719.882][SEVERE]: Timed out receiving message from renderer: 0.100
[1588061720.026][SEVERE]: Timed out receiving message from renderer: 0.100
[1588061720.155][SEVERE]: Timed out receiving message from renderer: 0.100
[1588061720.259][SEVERE]: Timed out receiving message from renderer: 0.100
[1588061720.365][SEVERE]: Timed out receiving message from renderer: 0.100
[1588061720.471][SEVERE]: Timed out receiving message from renderer: 0.100
[1588061720.638][SEVERE]: Timed out receiving message from renderer: 0.100
[1588061720.743][SEVERE]: Timed out receiving message from renderer: 0.100
[1588061720.847][SEVERE]: Timed out receiving message from renderer: 0.100
[1588061720.948][SEVERE]: Timed out receiving message from renderer: 0.100
[1588061721.055][SEVERE]: Timed out receiving message from renderer: 0.100
[1588061721.156][SEVERE]: Timed out receiving message from renderer: 0.100
[1588061721.421][SEVERE]: Timed out receiving message from renderer: 0.100
[1588061721.524][SEVERE]: Timed out receiving message from renderer: 0.100
[1588061721.689][SEVERE]: Timed out receiving message from renderer: 0.100
[1588061721.792][SEVERE]: Timed out receiving message from renderer: 0.100
[1588061721.894][SEVERE]: Timed out receiving message from renderer: 0.100
[1588061721.997][SEVERE]: Timed out receiving message from renderer: 0.100
[1588061722.319][SEVERE]: Timed out receiving message from renderer: 0.100
[1588061722.422][SEVERE]: Timed out receiving message from renderer: 0.100
[1588061722.525][SEVERE]: Timed out receiving message from renderer: 0.100
[1588061722.638][SEVERE]: Timed out receiving message from renderer: 0.100
[1588061722.740][SEVERE]: Timed out receiving message from renderer: 0.100
[1588061722.842][SEVERE]: Timed out receiving message from renderer: 0.100
[1588061722.944][SEVERE]: Timed out receiving message from renderer: 0.100
[1588061723.047][SEVERE]: Timed out receiving message from renderer: 0.100
[1588061723.151][SEVERE]: Timed out receiving message from renderer: 0.100
[1588061723.254][SEVERE]: Timed out receiving message from renderer: 0.100
[1588061723.358][SEVERE]: Timed out receiving message from renderer: 0.100
[1588061723.464][SEVERE]: Timed out receiving message from renderer: 0.100
[1588061723.570][SEVERE]: Timed out receiving message from renderer: 0.100
[1588061723.677][SEVERE]: Timed out receiving message from renderer: 0.100
[1588061723.782][SEVERE]: Timed out receiving message from renderer: 0.100
[1588061723.890][SEVERE]: Timed out receiving message from renderer: 0.100
[1588061723.993][SEVERE]: Timed out receiving message from renderer: 0.100
[1588061724.113][SEVERE]: Timed out receiving message from renderer: 0.100
[1588061724.234][SEVERE]: Timed out receiving message from renderer: 0.100
[1588061724.338][SEVERE]: Timed out receiving message from renderer: 0.100
[1588061724.443][SEVERE]: Timed out receiving message from renderer: 0.100
[1588061724.552][SEVERE]: Timed out receiving message from renderer: 0.100
[1588061724.656][SEVERE]: Timed out receiving message from renderer: 0.100
[1588061724.760][SEVERE]: Timed out receiving message from renderer: 0.100
[1588061724.866][SEVERE]: Timed out receiving message from renderer: 0.100
[1588061724.973][SEVERE]: Timed out receiving message from renderer: 0.100
[1588061725.078][SEVERE]: Timed out receiving message from renderer: 0.100
[1588061725.244][SEVERE]: Timed out receiving message from renderer: 0.100
[1588061725.401][SEVERE]: Timed out receiving message from renderer: 0.100
[1588061725.504][SEVERE]: Timed out receiving message from renderer: 0.100
[1588061725.608][SEVERE]: Timed out receiving message from renderer: 0.100
[1588061725.712][SEVERE]: Timed out receiving message from renderer: 0.100
[1588061725.822][SEVERE]: Timed out receiving message from renderer: 0.100
[1588061725.923][SEVERE]: Timed out receiving message from renderer: 0.100
[1588061726.028][SEVERE]: Timed out receiving message from renderer: 0.100
[1588061726.136][SEVERE]: Timed out receiving message from renderer: 0.100
[1588061726.243][SEVERE]: Timed out receiving message from renderer: 0.100
[1588061726.375][SEVERE]: Timed out receiving message from renderer: 0.100
[1588061726.478][SEVERE]: Timed out receiving message from renderer: 0.100
[1588061726.579][SEVERE]: Timed out receiving message from renderer: 0.100
[1588061726.689][SEVERE]: Timed out receiving message from renderer: 0.100
[1588061726.795][SEVERE]: Timed out receiving message from renderer: 0.100
[1588061726.901][SEVERE]: Timed out receiving message from renderer: 0.100
[1588061727.005][SEVERE]: Timed out receiving message from renderer: 0.100
[1588061727.144][SEVERE]: Timed out receiving message from renderer: 0.100
[1588061727.258][SEVERE]: Timed out receiving message from renderer: 0.100
[1588061727.371][SEVERE]: Timed out receiving message from renderer: 0.100
[1588061727.491][SEVERE]: Timed out receiving message from renderer: 0.100
[1588061727.606][SEVERE]: Timed out receiving message from renderer: 0.100
[1588061727.711][SEVERE]: Timed out receiving message from renderer: 0.100
[1588061727.817][SEVERE]: Timed out receiving message from renderer: 0.100
[1588061727.922][SEVERE]: Timed out receiving message from renderer: 0.100
[1588061728.025][SEVERE]: Timed out receiving message from renderer: 0.100
[1588061728.170][SEVERE]: Timed out receiving message from renderer: 0.100
[1588061728.294][SEVERE]: Timed out receiving message from renderer: 0.100
[1588061728.400][SEVERE]: Timed out receiving message from renderer: 0.100
[1588061728.503][SEVERE]: Timed out receiving message from renderer: 0.100
[1588061728.607][SEVERE]: Timed out receiving message from renderer: 0.100
[1588061728.711][SEVERE]: Timed out receiving message from renderer: 0.100
[1588061728.815][SEVERE]: Timed out receiving message from renderer: 0.100
[1588061728.918][SEVERE]: Timed out receiving message from renderer: 0.100
[1588061729.024][SEVERE]: Timed out receiving message from renderer: 0.100
[1588061729.128][SEVERE]: Timed out receiving message from renderer: 0.100
[1588061729.242][SEVERE]: Timed out receiving message from renderer: 0.100
[1588061729.359][SEVERE]: Timed out receiving message from renderer: 0.100
[1588061729.469][SEVERE]: Timed out receiving message from renderer: 0.100
[1588061729.573][SEVERE]: Timed out receiving message from renderer: 0.100
[1588061729.678][SEVERE]: Timed out receiving message from renderer: 0.100
[1588061729.787][SEVERE]: Timed out receiving message from renderer: 0.100
[1588061729.903][SEVERE]: Timed out receiving message from renderer: 0.100
[1588061730.058][SEVERE]: Timed out receiving message from renderer: 0.100
[1588061730.174][SEVERE]: Timed out receiving message from renderer: 0.100
[1588061730.275][SEVERE]: Timed out receiving message from renderer: 0.100
[1588061730.377][SEVERE]: Timed out receiving message from renderer: 0.100
]]></system-err>
</testsuite>
