<?xml version="1.0" encoding="UTF-8" ?>
<testsuite errors="0" failures="0" hostname="DESKTOP-J4K0AHG" name="CreatePage" skipped="0" tests="1" time="52.507" timestamp="2020-04-28T08:15:36">
  <properties>
[...]
</properties>
  <testcase classname="CreatePage" name="testCreatePage" time="52.255" />
  <system-out><![CDATA[]]></system-out>
  <system-err><![CDATA[Starting ChromeDriver 81.0.4044.69 (6813546031a4bc83f717a2ef7cd4ac6ec1199132-refs/branch-heads/4044@{#776}) on port 40747
Only local connections are allowed.
Please protect ports used by ChromeDriver and related test frameworks to prevent access by malicious code.
Apr 28, 2020 3:15:42 AM org.openqa.selenium.remote.ProtocolHandshake createSession
INFO: Detected dialect: W3C
[1588061742.770][SEVERE]: Timed out receiving message from renderer: 0.100
[1588061742.872][SEVERE]: Timed out receiving message from renderer: 0.100
[1588061742.974][SEVERE]: Timed out receiving message from renderer: 0.100
[1588061743.078][SEVERE]: Timed out receiving message from renderer: 0.100
[1588061743.185][SEVERE]: Timed out receiving message from renderer: 0.100
[1588061743.290][SEVERE]: Timed out receiving message from renderer: 0.100
[1588061743.448][SEVERE]: Timed out receiving message from renderer: 0.100
[1588061743.572][SEVERE]: Timed out receiving message from renderer: 0.100
[1588061743.676][SEVERE]: Timed out receiving message from renderer: 0.100
[1588061743.778][SEVERE]: Timed out receiving message from renderer: 0.100
[1588061743.881][SEVERE]: Timed out receiving message from renderer: 0.100
[1588061743.987][SEVERE]: Timed out receiving message from renderer: 0.100
[1588061744.089][SEVERE]: Timed out receiving message from renderer: 0.100
[1588061744.233][SEVERE]: Timed out receiving message from renderer: 0.100
[1588061744.336][SEVERE]: Timed out receiving message from renderer: 0.100
[1588061744.439][SEVERE]: Timed out receiving message from renderer: 0.100
[1588061744.545][SEVERE]: Timed out receiving message from renderer: 0.100
[1588061744.653][SEVERE]: Timed out receiving message from renderer: 0.100
[1588061744.766][SEVERE]: Timed out receiving message from renderer: 0.100
[1588061744.869][SEVERE]: Timed out receiving message from renderer: 0.100
[1588061744.973][SEVERE]: Timed out receiving message from renderer: 0.100
[1588061745.084][SEVERE]: Timed out receiving message from renderer: 0.100
[1588061745.186][SEVERE]: Timed out receiving message from renderer: 0.100
[1588061745.303][SEVERE]: Timed out receiving message from renderer: 0.100
[1588061745.414][SEVERE]: Timed out receiving message from renderer: 0.100
[1588061745.515][SEVERE]: Timed out receiving message from renderer: 0.100
[1588061745.630][SEVERE]: Timed out receiving message from renderer: 0.100
[1588061745.765][SEVERE]: Timed out receiving message from renderer: 0.100
[1588061745.874][SEVERE]: Timed out receiving message from renderer: 0.100
[1588061745.981][SEVERE]: Timed out receiving message from renderer: 0.100
[1588061746.094][SEVERE]: Timed out receiving message from renderer: 0.100
[1588061746.198][SEVERE]: Timed out receiving message from renderer: 0.100
[1588061746.299][SEVERE]: Timed out receiving message from renderer: 0.100
[1588061746.401][SEVERE]: Timed out receiving message from renderer: 0.100
[1588061746.526][SEVERE]: Timed out receiving message from renderer: 0.100
[1588061746.631][SEVERE]: Timed out receiving message from renderer: 0.100
[1588061746.733][SEVERE]: Timed out receiving message from renderer: 0.100
[1588061746.834][SEVERE]: Timed out receiving message from renderer: 0.100
[1588061746.937][SEVERE]: Timed out receiving message from renderer: 0.100
[1588061747.038][SEVERE]: Timed out receiving message from renderer: 0.100
[1588061747.143][SEVERE]: Timed out receiving message from renderer: 0.100
[1588061747.245][SEVERE]: Timed out receiving message from renderer: 0.100
[1588061747.347][SEVERE]: Timed out receiving message from renderer: 0.100
[1588061747.449][SEVERE]: Timed out receiving message from renderer: 0.100
[1588061747.551][SEVERE]: Timed out receiving message from renderer: 0.100
[1588061747.655][SEVERE]: Timed out receiving message from renderer: 0.100
[1588061747.758][SEVERE]: Timed out receiving message from renderer: 0.100
[1588061747.859][SEVERE]: Timed out receiving message from renderer: 0.100
[1588061747.966][SEVERE]: Timed out receiving message from renderer: 0.100
[1588061748.069][SEVERE]: Timed out receiving message from renderer: 0.100
[1588061748.171][SEVERE]: Timed out receiving message from renderer: 0.100
[1588061748.275][SEVERE]: Timed out receiving message from renderer: 0.100
[1588061748.377][SEVERE]: Timed out receiving message from renderer: 0.100
[1588061748.482][SEVERE]: Timed out receiving message from renderer: 0.100
[1588061748.586][SEVERE]: Timed out receiving message from renderer: 0.100
[1588061748.688][SEVERE]: Timed out receiving message from renderer: 0.100
[1588061748.789][SEVERE]: Timed out receiving message from renderer: 0.100
[1588061748.892][SEVERE]: Timed out receiving message from renderer: 0.100
[1588061748.993][SEVERE]: Timed out receiving message from renderer: 0.100
[1588061749.097][SEVERE]: Timed out receiving message from renderer: 0.100
[1588061749.209][SEVERE]: Timed out receiving message from renderer: 0.100
[1588061749.311][SEVERE]: Timed out receiving message from renderer: 0.100
[1588061749.413][SEVERE]: Timed out receiving message from renderer: 0.100
[1588061749.518][SEVERE]: Timed out receiving message from renderer: 0.100
[1588061749.626][SEVERE]: Timed out receiving message from renderer: 0.100
[1588061749.730][SEVERE]: Timed out receiving message from renderer: 0.100
[1588061749.832][SEVERE]: Timed out receiving message from renderer: 0.100
[1588061749.934][SEVERE]: Timed out receiving message from renderer: 0.100
[1588061750.036][SEVERE]: Timed out receiving message from renderer: 0.100
[1588061750.138][SEVERE]: Timed out receiving message from renderer: 0.100
[1588061750.242][SEVERE]: Timed out receiving message from renderer: 0.100
[1588061750.344][SEVERE]: Timed out receiving message from renderer: 0.100
[1588061750.446][SEVERE]: Timed out receiving message from renderer: 0.100
]]></system-err>
</testsuite>
