<?xml version="1.0" encoding="UTF-8" ?>
<testsuite errors="1" failures="0" hostname="DESKTOP-J4K0AHG" name="SearchMinor" skipped="0" tests="1" time="24.44" timestamp="2020-04-28T08:17:56">
  <properties>
[...]
</properties>
  <testcase classname="SearchMinor" name="testSearchMinor" time="24.255">
    <error message="chrome not reachable&#xa;  (Session info: chrome=81.0.4044.122)&#xa;Build info: version: &apos;3.141.59&apos;, revision: &apos;e82be7d358&apos;, time: &apos;2018-11-14T08:25:53&apos;&#xa;System info: host: &apos;DESKTOP-J4K0AHG&apos;, ip: &apos;192.168.1.6&apos;, os.name: &apos;Windows 10&apos;, os.arch: &apos;amd64&apos;, os.version: &apos;10.0&apos;, java.version: &apos;13.0.2&apos;&#xa;Driver info: org.openqa.selenium.chrome.ChromeDriver&#xa;Capabilities {acceptInsecureCerts: false, browserName: chrome, browserVersion: 81.0.4044.122, chrome: {chromedriverVersion: 81.0.4044.69 (6813546031a4b..., userDataDir: C:\Users\KEVIN_~1\AppData\L...}, goog:chromeOptions: {debuggerAddress: localhost:52262}, javascriptEnabled: true, networkConnectionEnabled: false, pageLoadStrategy: normal, platform: WINDOWS, platformName: WINDOWS, proxy: Proxy(), setWindowRect: true, strictFileInteractability: false, timeouts: {implicit: 0, pageLoad: 300000, script: 30000}, unhandledPromptBehavior: dismiss and notify, webauthn:virtualAuthenticators: true}&#xa;Session ID: 1d64f78b6946a588590e0c0c54161d48&#xa;*** Element info: {Using=link text, value=Search Students}" type="org.openqa.selenium.WebDriverException">org.openqa.selenium.WebDriverException: chrome not reachable
  (Session info: chrome=81.0.4044.122)
Build info: version: &apos;3.141.59&apos;, revision: &apos;e82be7d358&apos;, time: &apos;2018-11-14T08:25:53&apos;
System info: host: &apos;DESKTOP-J4K0AHG&apos;, ip: &apos;192.168.1.6&apos;, os.name: &apos;Windows 10&apos;, os.arch: &apos;amd64&apos;, os.version: &apos;10.0&apos;, java.version: &apos;13.0.2&apos;
Driver info: org.openqa.selenium.chrome.ChromeDriver
Capabilities {acceptInsecureCerts: false, browserName: chrome, browserVersion: 81.0.4044.122, chrome: {chromedriverVersion: 81.0.4044.69 (6813546031a4b..., userDataDir: C:\Users\KEVIN_~1\AppData\L...}, goog:chromeOptions: {debuggerAddress: localhost:52262}, javascriptEnabled: true, networkConnectionEnabled: false, pageLoadStrategy: normal, platform: WINDOWS, platformName: WINDOWS, proxy: Proxy(), setWindowRect: true, strictFileInteractability: false, timeouts: {implicit: 0, pageLoad: 300000, script: 30000}, unhandledPromptBehavior: dismiss and notify, webauthn:virtualAuthenticators: true}
Session ID: 1d64f78b6946a588590e0c0c54161d48
*** Element info: {Using=link text, value=Search Students}
	at java.base/jdk.internal.reflect.NativeConstructorAccessorImpl.newInstance0(Native Method)
	at java.base/jdk.internal.reflect.NativeConstructorAccessorImpl.newInstance(NativeConstructorAccessorImpl.java:62)
	at java.base/jdk.internal.reflect.DelegatingConstructorAccessorImpl.newInstance(DelegatingConstructorAccessorImpl.java:45)
	at java.base/java.lang.reflect.Constructor.newInstanceWithCaller(Constructor.java:500)
	at java.base/java.lang.reflect.Constructor.newInstance(Constructor.java:481)
	at org.openqa.selenium.remote.http.W3CHttpResponseCodec.createException(W3CHttpResponseCodec.java:187)
	at org.openqa.selenium.remote.http.W3CHttpResponseCodec.decode(W3CHttpResponseCodec.java:122)
	at org.openqa.selenium.remote.http.W3CHttpResponseCodec.decode(W3CHttpResponseCodec.java:49)
	at org.openqa.selenium.remote.HttpCommandExecutor.execute(HttpCommandExecutor.java:158)
	at org.openqa.selenium.remote.service.DriverCommandExecutor.execute(DriverCommandExecutor.java:83)
	at org.openqa.selenium.remote.RemoteWebDriver.execute(RemoteWebDriver.java:552)
	at org.openqa.selenium.remote.RemoteWebDriver.findElement(RemoteWebDriver.java:323)
	at org.openqa.selenium.remote.RemoteWebDriver.findElementByLinkText(RemoteWebDriver.java:380)
	at org.openqa.selenium.By$ByLinkText.findElement(By.java:220)
	at org.openqa.selenium.remote.RemoteWebDriver.findElement(RemoteWebDriver.java:315)
	at SearchMinor.testSearchMinor(SearchMinor.java:30)
	at java.base/jdk.internal.reflect.NativeMethodAccessorImpl.invoke0(Native Method)
	at java.base/jdk.internal.reflect.NativeMethodAccessorImpl.invoke(NativeMethodAccessorImpl.java:62)
	at java.base/jdk.internal.reflect.DelegatingMethodAccessorImpl.invoke(DelegatingMethodAccessorImpl.java:43)
</error>
  </testcase>
  <system-out><![CDATA[]]></system-out>
  <system-err><![CDATA[Starting ChromeDriver 81.0.4044.69 (6813546031a4bc83f717a2ef7cd4ac6ec1199132-refs/branch-heads/4044@{#776}) on port 40551
Only local connections are allowed.
Please protect ports used by ChromeDriver and related test frameworks to prevent access by malicious code.
Apr 28, 2020 3:18:01 AM org.openqa.selenium.remote.ProtocolHandshake createSession
INFO: Detected dialect: W3C
[1588061882.715][SEVERE]: Timed out receiving message from renderer: 0.100
[1588061882.819][SEVERE]: Timed out receiving message from renderer: 0.100
[1588061882.930][SEVERE]: Timed out receiving message from renderer: 0.100
[1588061883.032][SEVERE]: Timed out receiving message from renderer: 0.100
[1588061883.134][SEVERE]: Timed out receiving message from renderer: 0.100
[1588061883.237][SEVERE]: Timed out receiving message from renderer: 0.100
[1588061883.344][SEVERE]: Timed out receiving message from renderer: 0.100
[1588061883.451][SEVERE]: Timed out receiving message from renderer: 0.100
[1588061883.555][SEVERE]: Timed out receiving message from renderer: 0.100
[1588061883.659][SEVERE]: Timed out receiving message from renderer: 0.100
[1588061883.772][SEVERE]: Timed out receiving message from renderer: 0.100
[1588061883.883][SEVERE]: Timed out receiving message from renderer: 0.100
[1588061883.986][SEVERE]: Timed out receiving message from renderer: 0.100
[1588061884.090][SEVERE]: Timed out receiving message from renderer: 0.100
[1588061884.191][SEVERE]: Timed out receiving message from renderer: 0.100
[1588061884.295][SEVERE]: Timed out receiving message from renderer: 0.100
[1588061884.402][SEVERE]: Timed out receiving message from renderer: 0.100
[1588061884.505][SEVERE]: Timed out receiving message from renderer: 0.100
[1588061884.611][SEVERE]: Timed out receiving message from renderer: 0.100
[1588061884.727][SEVERE]: Timed out receiving message from renderer: 0.100
[1588061891.752][WARNING]: Timed out connecting to Chrome, retrying...
]]></system-err>
</testsuite>
