<?xml version="1.0" encoding="UTF-8" ?>
<testsuite errors="0" failures="0" hostname="DESKTOP-J4K0AHG" name="DeletePage" skipped="0" tests="1" time="38.785" timestamp="2020-04-28T08:18:22">
  <properties>
[...]
</properties>
  <testcase classname="DeletePage" name="testDeletePage" time="38.564" />
  <system-out><![CDATA[]]></system-out>
  <system-err><![CDATA[Starting ChromeDriver 81.0.4044.69 (6813546031a4bc83f717a2ef7cd4ac6ec1199132-refs/branch-heads/4044@{#776}) on port 20723
Only local connections are allowed.
Please protect ports used by ChromeDriver and related test frameworks to prevent access by malicious code.
Apr 28, 2020 3:18:27 AM org.openqa.selenium.remote.ProtocolHandshake createSession
INFO: Detected dialect: W3C
[1588061908.500][SEVERE]: Timed out receiving message from renderer: 0.100
[1588061908.608][SEVERE]: Timed out receiving message from renderer: 0.100
[1588061908.711][SEVERE]: Timed out receiving message from renderer: 0.100
[1588061908.817][SEVERE]: Timed out receiving message from renderer: 0.100
[1588061908.923][SEVERE]: Timed out receiving message from renderer: 0.100
[1588061909.025][SEVERE]: Timed out receiving message from renderer: 0.100
[1588061909.133][SEVERE]: Timed out receiving message from renderer: 0.100
[1588061909.241][SEVERE]: Timed out receiving message from renderer: 0.100
[1588061909.349][SEVERE]: Timed out receiving message from renderer: 0.100
[1588061909.453][SEVERE]: Timed out receiving message from renderer: 0.100
[1588061909.559][SEVERE]: Timed out receiving message from renderer: 0.100
[1588061909.666][SEVERE]: Timed out receiving message from renderer: 0.100
[1588061909.777][SEVERE]: Timed out receiving message from renderer: 0.100
[1588061909.879][SEVERE]: Timed out receiving message from renderer: 0.100
[1588061909.990][SEVERE]: Timed out receiving message from renderer: 0.100
[1588061910.092][SEVERE]: Timed out receiving message from renderer: 0.100
[1588061910.199][SEVERE]: Timed out receiving message from renderer: 0.100
[1588061910.309][SEVERE]: Timed out receiving message from renderer: 0.100
[1588061910.413][SEVERE]: Timed out receiving message from renderer: 0.100
[1588061910.515][SEVERE]: Timed out receiving message from renderer: 0.100
[1588061910.619][SEVERE]: Timed out receiving message from renderer: 0.100
[1588061910.725][SEVERE]: Timed out receiving message from renderer: 0.100
[1588061910.829][SEVERE]: Timed out receiving message from renderer: 0.100
[1588061910.931][SEVERE]: Timed out receiving message from renderer: 0.100
[1588061911.039][SEVERE]: Timed out receiving message from renderer: 0.100
[1588061911.141][SEVERE]: Timed out receiving message from renderer: 0.100
[1588061911.245][SEVERE]: Timed out receiving message from renderer: 0.100
[1588061911.350][SEVERE]: Timed out receiving message from renderer: 0.100
[1588061911.463][SEVERE]: Timed out receiving message from renderer: 0.100
[1588061911.567][SEVERE]: Timed out receiving message from renderer: 0.100
[1588061911.674][SEVERE]: Timed out receiving message from renderer: 0.100
[1588061911.778][SEVERE]: Timed out receiving message from renderer: 0.100
[1588061911.882][SEVERE]: Timed out receiving message from renderer: 0.100
[1588061911.992][SEVERE]: Timed out receiving message from renderer: 0.100
[1588061912.095][SEVERE]: Timed out receiving message from renderer: 0.100
[1588061912.199][SEVERE]: Timed out receiving message from renderer: 0.100
[1588061912.305][SEVERE]: Timed out receiving message from renderer: 0.100
[1588061912.411][SEVERE]: Timed out receiving message from renderer: 0.100
[1588061912.514][SEVERE]: Timed out receiving message from renderer: 0.100
[1588061912.627][SEVERE]: Timed out receiving message from renderer: 0.100
[1588061912.745][SEVERE]: Timed out receiving message from renderer: 0.100
[1588061912.847][SEVERE]: Timed out receiving message from renderer: 0.100
[1588061912.958][SEVERE]: Timed out receiving message from renderer: 0.100
[1588061913.074][SEVERE]: Timed out receiving message from renderer: 0.100
[1588061913.178][SEVERE]: Timed out receiving message from renderer: 0.100
[1588061913.282][SEVERE]: Timed out receiving message from renderer: 0.100
[1588061913.391][SEVERE]: Timed out receiving message from renderer: 0.100
[1588061913.495][SEVERE]: Timed out receiving message from renderer: 0.100
[1588061913.607][SEVERE]: Timed out receiving message from renderer: 0.100
[1588061913.712][SEVERE]: Timed out receiving message from renderer: 0.100
[1588061913.819][SEVERE]: Timed out receiving message from renderer: 0.100
[1588061913.923][SEVERE]: Timed out receiving message from renderer: 0.100
[1588061914.041][SEVERE]: Timed out receiving message from renderer: 0.100
[1588061914.161][SEVERE]: Timed out receiving message from renderer: 0.100
[1588061914.264][SEVERE]: Timed out receiving message from renderer: 0.100
[1588061914.380][SEVERE]: Timed out receiving message from renderer: 0.100
[1588061914.500][SEVERE]: Timed out receiving message from renderer: 0.100
[1588061914.604][SEVERE]: Timed out receiving message from renderer: 0.100
[1588061914.713][SEVERE]: Timed out receiving message from renderer: 0.100
[1588061914.816][SEVERE]: Timed out receiving message from renderer: 0.100
[1588061915.013][SEVERE]: Timed out receiving message from renderer: 0.100
[1588061915.140][SEVERE]: Timed out receiving message from renderer: 0.100
[1588061915.242][SEVERE]: Timed out receiving message from renderer: 0.100
[1588061915.344][SEVERE]: Timed out receiving message from renderer: 0.100
[1588061915.455][SEVERE]: Timed out receiving message from renderer: 0.100
[1588061915.564][SEVERE]: Timed out receiving message from renderer: 0.100
[1588061915.673][SEVERE]: Timed out receiving message from renderer: 0.100
[1588061915.780][SEVERE]: Timed out receiving message from renderer: 0.100
[1588061915.886][SEVERE]: Timed out receiving message from renderer: 0.100
[1588061915.987][SEVERE]: Timed out receiving message from renderer: 0.100
[1588061916.089][SEVERE]: Timed out receiving message from renderer: 0.100
[1588061916.191][SEVERE]: Timed out receiving message from renderer: 0.100
[1588061916.304][SEVERE]: Timed out receiving message from renderer: 0.100
[1588061916.405][SEVERE]: Timed out receiving message from renderer: 0.100
[1588061916.507][SEVERE]: Timed out receiving message from renderer: 0.100
[1588061916.609][SEVERE]: Timed out receiving message from renderer: 0.100
[1588061916.711][SEVERE]: Timed out receiving message from renderer: 0.100
[1588061916.812][SEVERE]: Timed out receiving message from renderer: 0.100
[1588061916.914][SEVERE]: Timed out receiving message from renderer: 0.100
[1588061917.016][SEVERE]: Timed out receiving message from renderer: 0.100
[1588061917.119][SEVERE]: Timed out receiving message from renderer: 0.100
[1588061917.234][SEVERE]: Timed out receiving message from renderer: 0.100
[1588061917.340][SEVERE]: Timed out receiving message from renderer: 0.100
[1588061917.442][SEVERE]: Timed out receiving message from renderer: 0.100
[1588061917.544][SEVERE]: Timed out receiving message from renderer: 0.100
[1588061917.646][SEVERE]: Timed out receiving message from renderer: 0.100
[1588061917.749][SEVERE]: Timed out receiving message from renderer: 0.100
[1588061917.851][SEVERE]: Timed out receiving message from renderer: 0.100
[1588061917.953][SEVERE]: Timed out receiving message from renderer: 0.100
[1588061918.056][SEVERE]: Timed out receiving message from renderer: 0.100
[1588061918.158][SEVERE]: Timed out receiving message from renderer: 0.100
[1588061918.260][SEVERE]: Timed out receiving message from renderer: 0.100
[1588061918.388][SEVERE]: Timed out receiving message from renderer: 0.100
[1588061918.501][SEVERE]: Timed out receiving message from renderer: 0.100
[1588061918.602][SEVERE]: Timed out receiving message from renderer: 0.100
[1588061918.704][SEVERE]: Timed out receiving message from renderer: 0.100
[1588061918.805][SEVERE]: Timed out receiving message from renderer: 0.100
[1588061918.909][SEVERE]: Timed out receiving message from renderer: 0.100
[1588061919.012][SEVERE]: Timed out receiving message from renderer: 0.100
[1588061919.118][SEVERE]: Timed out receiving message from renderer: 0.100
[1588061919.221][SEVERE]: Timed out receiving message from renderer: 0.100
[1588061919.323][SEVERE]: Timed out receiving message from renderer: 0.100
[1588061919.425][SEVERE]: Timed out receiving message from renderer: 0.100
[1588061919.526][SEVERE]: Timed out receiving message from renderer: 0.100
[1588061919.629][SEVERE]: Timed out receiving message from renderer: 0.100
[1588061919.732][SEVERE]: Timed out receiving message from renderer: 0.100
[1588061923.221][SEVERE]: Timed out receiving message from renderer: 0.100
]]></system-err>
</testsuite>
